0 info it worked if it ends with ok
1 verbose cli [ '/Users/niezgoda/.nvm/versions/node/v0.12.7/bin/node',
1 verbose cli   '/Users/niezgoda/.nvm/versions/node/v0.12.7/bin/npm',
1 verbose cli   'owner',
1 verbose cli   'ls',
1 verbose cli   'event-waiter' ]
2 info using npm@2.11.3
3 info using node@v0.12.7
4 silly mapToRegistry name event-waiter
5 silly mapToRegistry using default registry
6 silly mapToRegistry registry https://registry.npmjs.org/
7 silly mapToRegistry uri https://registry.npmjs.org/event-waiter
8 verbose request uri https://registry.npmjs.org/event-waiter
9 verbose request no auth needed
10 info attempt registry request try #1 at 4:15:27 PM
11 verbose request using bearer token for auth
12 verbose request id bbc1e6a59e4782fb
13 http request GET https://registry.npmjs.org/event-waiter
14 http 404 https://registry.npmjs.org/event-waiter
15 verbose headers { 'content-type': 'application/json',
15 verbose headers   'cache-control': 'max-age=0',
15 verbose headers   'content-length': '2',
15 verbose headers   'accept-ranges': 'bytes',
15 verbose headers   date: 'Sat, 29 Aug 2015 14:15:24 GMT',
15 verbose headers   via: '1.1 varnish',
15 verbose headers   connection: 'keep-alive',
15 verbose headers   'x-served-by': 'cache-ams4129-AMS',
15 verbose headers   'x-cache': 'MISS',
15 verbose headers   'x-cache-hits': '0',
15 verbose headers   'x-timer': 'S1440857724.160390,VS0,VE714' }
16 silly get cb [ 404,
16 silly get   { 'content-type': 'application/json',
16 silly get     'cache-control': 'max-age=0',
16 silly get     'content-length': '2',
16 silly get     'accept-ranges': 'bytes',
16 silly get     date: 'Sat, 29 Aug 2015 14:15:24 GMT',
16 silly get     via: '1.1 varnish',
16 silly get     connection: 'keep-alive',
16 silly get     'x-served-by': 'cache-ams4129-AMS',
16 silly get     'x-cache': 'MISS',
16 silly get     'x-cache-hits': '0',
16 silly get     'x-timer': 'S1440857724.160390,VS0,VE714' } ]
17 error owner ls Couldn't get owner data event-waiter
18 verbose stack Error: Registry returned 404 for GET on https://registry.npmjs.org/event-waiter
18 verbose stack     at CachingRegistryClient.<anonymous> (/Users/niezgoda/.nvm/versions/node/v0.12.7/lib/node_modules/npm/node_modules/npm-registry-client/lib/request.js:239:14)
18 verbose stack     at Request._callback (/Users/niezgoda/.nvm/versions/node/v0.12.7/lib/node_modules/npm/node_modules/npm-registry-client/lib/request.js:170:14)
18 verbose stack     at Request.self.callback (/Users/niezgoda/.nvm/versions/node/v0.12.7/lib/node_modules/npm/node_modules/request/request.js:354:22)
18 verbose stack     at Request.emit (events.js:110:17)
18 verbose stack     at Request.<anonymous> (/Users/niezgoda/.nvm/versions/node/v0.12.7/lib/node_modules/npm/node_modules/request/request.js:1207:14)
18 verbose stack     at Request.emit (events.js:129:20)
18 verbose stack     at IncomingMessage.<anonymous> (/Users/niezgoda/.nvm/versions/node/v0.12.7/lib/node_modules/npm/node_modules/request/request.js:1153:12)
18 verbose stack     at IncomingMessage.emit (events.js:129:20)
18 verbose stack     at _stream_readable.js:908:16
18 verbose stack     at process._tickCallback (node.js:355:11)
19 verbose statusCode 404
20 verbose pkgid event-waiter
21 verbose cwd /htdocs/public-repos/delay
22 error Darwin 14.4.0
23 error argv "/Users/niezgoda/.nvm/versions/node/v0.12.7/bin/node" "/Users/niezgoda/.nvm/versions/node/v0.12.7/bin/npm" "owner" "ls" "event-waiter"
24 error node v0.12.7
25 error npm  v2.11.3
26 error code E404
27 error 404 Registry returned 404 for GET on https://registry.npmjs.org/event-waiter
27 error 404
27 error 404 'event-waiter' is not in the npm registry.
27 error 404 You should bug the author to publish it (or use the name yourself!)
27 error 404
27 error 404 Note that you can also install from a
27 error 404 tarball, folder, http url, or git url.
28 verbose exit [ 1, true ]
